2025-03-18 06:40:59,660 INFO    MainThread:1948195 [wandb_setup.py:_flush():67] Current SDK version is 0.19.7
2025-03-18 06:40:59,660 INFO    MainThread:1948195 [wandb_setup.py:_flush():67] Configure stats pid to 1948195
2025-03-18 06:40:59,660 INFO    MainThread:1948195 [wandb_setup.py:_flush():67] Loading settings from /root/.config/wandb/settings
2025-03-18 06:40:59,660 INFO    MainThread:1948195 [wandb_setup.py:_flush():67] Loading settings from /workspace/diloco-training/diloco_training/training/wandb/settings
2025-03-18 06:40:59,660 INFO    MainThread:1948195 [wandb_setup.py:_flush():67] Loading settings from environment variables
2025-03-18 06:40:59,660 INFO    MainThread:1948195 [wandb_init.py:setup_run_log_directory():647] Logging user logs to /workspace/diloco-training/diloco_training/training/wandb/offline-run-20250318_064059-iw4yche6/logs/debug.log
2025-03-18 06:40:59,660 INFO    MainThread:1948195 [wandb_init.py:setup_run_log_directory():648] Logging internal logs to /workspace/diloco-training/diloco_training/training/wandb/offline-run-20250318_064059-iw4yche6/logs/debug-internal.log
2025-03-18 06:40:59,660 INFO    MainThread:1948195 [wandb_init.py:init():761] calling init triggers
2025-03-18 06:40:59,660 INFO    MainThread:1948195 [wandb_init.py:init():766] wandb.init called with sweep_config: {}
config: {'_wandb': {}}
2025-03-18 06:40:59,660 INFO    MainThread:1948195 [wandb_init.py:init():784] starting backend
2025-03-18 06:40:59,874 INFO    MainThread:1948195 [wandb_init.py:init():788] sending inform_init request
2025-03-18 06:40:59,882 INFO    MainThread:1948195 [backend.py:_multiprocessing_setup():97] multiprocessing start_methods=fork,spawn,forkserver, using: spawn
2025-03-18 06:40:59,883 INFO    MainThread:1948195 [wandb_init.py:init():803] backend started and connected
2025-03-18 06:40:59,885 INFO    MainThread:1948195 [wandb_init.py:init():896] updated telemetry
2025-03-18 06:40:59,892 INFO    MainThread:1948195 [wandb_init.py:init():920] communicating run to backend with 90.0 second timeout
2025-03-18 06:40:59,997 INFO    MainThread:1948195 [wandb_init.py:init():995] starting run threads in backend
2025-03-18 06:41:00,100 INFO    MainThread:1948195 [wandb_run.py:_console_start():2377] atexit reg
2025-03-18 06:41:00,101 INFO    MainThread:1948195 [wandb_run.py:_redirect():2227] redirect: wrap_raw
2025-03-18 06:41:00,101 INFO    MainThread:1948195 [wandb_run.py:_redirect():2292] Wrapping output streams.
2025-03-18 06:41:00,101 INFO    MainThread:1948195 [wandb_run.py:_redirect():2317] Redirects installed.
2025-03-18 06:41:00,103 INFO    MainThread:1948195 [wandb_init.py:init():1037] run started, returning control to user process
2025-03-18 06:41:51,426 WARNING MsgRouterThr:1948195 [router.py:message_loop():77] message_loop has been closed
Traceback (most recent call last):
  File "/workspace/diloco-training/.venv/lib/python3.12/site-packages/wandb/sdk/interface/router_sock.py", line 28, in _read_message
    resp = self._sock_client.read_server_response(timeout=1)
           ^^^^^^^^^^^^^^^^^^^^^^^^^^^^^^^^^^^^^^^^^^^^^^^^^
  File "/workspace/diloco-training/.venv/lib/python3.12/site-packages/wandb/sdk/lib/sock_client.py", line 285, in read_server_response
    data = self._read_packet_bytes(timeout=timeout)
           ^^^^^^^^^^^^^^^^^^^^^^^^^^^^^^^^^^^^^^^^
  File "/workspace/diloco-training/.venv/lib/python3.12/site-packages/wandb/sdk/lib/sock_client.py", line 270, in _read_packet_bytes
    raise SockClientClosedError
wandb.sdk.lib.sock_client.SockClientClosedError

The above exception was the direct cause of the following exception:

Traceback (most recent call last):
  File "/workspace/diloco-training/.venv/lib/python3.12/site-packages/wandb/sdk/interface/router.py", line 70, in message_loop
    msg = self._read_message()
          ^^^^^^^^^^^^^^^^^^^^
  File "/workspace/diloco-training/.venv/lib/python3.12/site-packages/wandb/sdk/interface/router_sock.py", line 30, in _read_message
    raise MessageRouterClosedError from e
wandb.sdk.interface.router.MessageRouterClosedError
2025-03-18 06:41:51,427 INFO    MsgRouterThr:1948195 [mailbox.py:close():115] Closing mailbox, abandoning 0 handles.
